[INFO] Scanning for projects...
[INFO] 
[INFO] ---------------< org.fsa_2026:company_fsa_captone_2026 >----------------
[INFO] Building com.company.FSA_Captone_2026 0.0.1-SNAPSHOT
[INFO]   from pom.xml
[INFO] --------------------------------[ jar ]---------------------------------
[INFO] 
[INFO] >>> spring-boot:4.0.2:run (default-cli) > test-compile @ company_fsa_captone_2026 >>>
[INFO] 
[INFO] --- resources:3.3.1:resources (default-resources) @ company_fsa_captone_2026 ---
[INFO] Copying 2 resources from src/main/resources to target/classes
[INFO] Copying 2 resources from src/main/resources to target/classes
[INFO] 
[INFO] --- compiler:3.14.1:compile (default-compile) @ company_fsa_captone_2026 ---
[INFO] Nothing to compile - all classes are up to date.
[INFO] 
[INFO] --- resources:3.3.1:testResources (default-testResources) @ company_fsa_captone_2026 ---
[INFO] skip non existing resourceDirectory /Users/penpen1112003/IntelliJ/Java_Project/com.company.FSA_Captone_2026/src/test/resources
[INFO] 
[INFO] --- compiler:3.14.1:testCompile (default-testCompile) @ company_fsa_captone_2026 ---
[INFO] Nothing to compile - all classes are up to date.
[INFO] 
[INFO] <<< spring-boot:4.0.2:run (default-cli) < test-compile @ company_fsa_captone_2026 <<<
[INFO] 
[INFO] 
[INFO] --- spring-boot:4.0.2:run (default-cli) @ company_fsa_captone_2026 ---
[INFO] Attaching agents: []

  .   ____          _            __ _ _
 /\\ / ___'_ __ _ _(_)_ __  __ _ \ \ \ \
( ( )\___ | '_ | '_| | '_ \/ _` | \ \ \ \
 \\/  ___)| |_)| | | | | || (_| |  ) ) ) )
  '  |____| .__|_| |_|_| |_\__, | / / / /
 =========|_|==============|___/=/_/_/_/

 :: Spring Boot ::                (v4.0.2)

2026-02-11 10:44:50 - Starting Application using Java 21.0.10 with PID 11028 (/Users/penpen1112003/IntelliJ/Java_Project/com.company.FSA_Captone_2026/target/classes started by penpen1112003 in /Users/penpen1112003/IntelliJ/Java_Project/com.company.FSA_Captone_2026)
2026-02-11 10:44:50 - Running with Spring Boot v4.0.2, Spring v7.0.3
2026-02-11 10:44:50 - No active profile set, falling back to 1 default profile: "default"
2026-02-11 10:44:50 - Devtools property defaults active! Set 'spring.devtools.add-properties' to 'false' to disable
2026-02-11 10:44:50 - For additional web related logging consider setting the 'logging.level.web' property to 'DEBUG'
2026-02-11 10:44:50 - Bootstrapping Spring Data JPA repositories in DEFAULT mode.
2026-02-11 10:44:50 - Finished Spring Data repository scanning in 21 ms. Found 4 JPA repository interfaces.
2026-02-11 10:44:51 - Port 8082 is in use, trying next
═══════════════════════════════════════════════════════════════════
🚀 Server starting on port: 8083
   (Preferred port 8082 was in use)
═══════════════════════════════════════════════════════════════════
2026-02-11 10:44:51 - Server will listen on port: 8083
2026-02-11 10:44:51 - Tomcat initialized with port 8083 (http)
2026-02-11 10:44:51 - Starting service [Tomcat]
2026-02-11 10:44:51 - Starting Servlet engine: [Apache Tomcat/11.0.15]
2026-02-11 10:44:51 - Root WebApplicationContext: initialization completed in 910 ms
2026-02-11 10:44:51 - Filter 'jwtAuthenticationFilter' configured for use
2026-02-11 10:44:51 - HHH008540: Processing PersistenceUnitInfo [name: default]
2026-02-11 10:44:51 - HHH000001: Hibernate ORM core version 7.2.1.Final
2026-02-11 10:44:51 - No LoadTimeWeaver setup: ignoring JPA class transformer
2026-02-11 10:44:51 - HikariPool-1 - Starting...
2026-02-11 10:44:51 - HikariPool-1 - Added connection org.postgresql.jdbc.PgConnection@21580b4f
2026-02-11 10:44:51 - HikariPool-1 - Start completed.
2026-02-11 10:44:51 - HHH90000025: PostgreSQLDialect does not need to be specified explicitly using 'hibernate.dialect' (remove the property setting and it will be selected by default)
2026-02-11 10:44:51 - HHH10001005: Database info:
	Database JDBC URL [jdbc:postgresql://localhost:5432/speakvn_db]
	Database driver: PostgreSQL JDBC Driver
	Database dialect: PostgreSQLDialect
	Database version: 15.14
	Default catalog/schema: speakvn_db/public
	Autocommit mode: undefined/unknown
	Isolation level: READ_COMMITTED [default READ_COMMITTED]
	JDBC fetch size: none
	Pool: DataSourceConnectionProvider
	Minimum pool size: undefined/unknown
	Maximum pool size: undefined/unknown
2026-02-11 10:44:52 - HHH000489: No JTA platform available (set 'hibernate.transaction.jta.platform' to enable JTA platform integration)
2026-02-11 10:44:52 - Initialized JPA EntityManagerFactory for persistence unit 'default'
2026-02-11 10:44:52 - spring.jpa.open-in-view is enabled by default. Therefore, database queries may be performed during view rendering. Explicitly configure spring.jpa.open-in-view to disable this warning
2026-02-11 10:44:52 - Global AuthenticationManager configured with AuthenticationProvider bean with name authenticationProvider
2026-02-11 10:44:52 - Global AuthenticationManager configured with an AuthenticationProvider bean. UserDetailsService beans will not be used by Spring Security for automatically configuring username/password login. Consider removing the AuthenticationProvider bean. Alternatively, consider using the UserDetailsService in a manually instantiated DaoAuthenticationProvider. If the current configuration is intentional, to turn off this warning, increase the logging level of 'org.springframework.security.config.annotation.authentication.configuration.InitializeUserDetailsBeanManagerConfigurer' to ERROR
2026-02-11 10:44:52 - Will secure any request with filters: DisableEncodeUrlFilter, WebAsyncManagerIntegrationFilter, SecurityContextHolderFilter, HeaderWriterFilter, CorsFilter, LogoutFilter, JwtAuthenticationFilter, RequestCacheAwareFilter, SecurityContextHolderAwareRequestFilter, AnonymousAuthenticationFilter, SessionManagementFilter, ExceptionTranslationFilter, AuthorizationFilter
2026-02-11 10:44:53 - Hibernate is in classpath; If applicable, HQL parser will be used.
2026-02-11 10:44:53 - Exposing 1 endpoint beneath base path '/actuator'
2026-02-11 10:44:53 - Tomcat started on port 8083 (http) with context path '/'
2026-02-11 10:44:53 - No TaskScheduler/ScheduledExecutorService bean found for scheduled processing
2026-02-11 10:44:53 - Started Application in 3.406 seconds (process running for 3.606)
2026-02-11 10:46:10 - Initializing Spring DispatcherServlet 'dispatcherServlet'
2026-02-11 10:46:10 - Initializing Servlet 'dispatcherServlet'
2026-02-11 10:46:10 - Completed initialization in 3 ms
2026-02-11 10:46:10 - Securing GET /swagger-ui/index.html
2026-02-11 10:46:10 - Skipping JWT filter for Swagger/docs path: /swagger-ui/index.html
2026-02-11 10:46:10 - Set SecurityContextHolder to anonymous SecurityContext
2026-02-11 10:46:10 - Secured GET /swagger-ui/index.html
2026-02-11 10:46:10 - Skipping JWT filter for Swagger/docs path: /swagger-ui/index.html
2026-02-11 10:46:10 - Securing GET /swagger-ui/swagger-ui.css
2026-02-11 10:46:10 - Securing GET /swagger-ui/index.css
2026-02-11 10:46:10 - Securing GET /swagger-ui/swagger-ui-standalone-preset.js
2026-02-11 10:46:10 - Securing GET /swagger-ui/swagger-ui-bundle.js
2026-02-11 10:46:10 - Securing GET /swagger-ui/swagger-initializer.js
2026-02-11 10:46:10 - Skipping JWT filter for Swagger/docs path: /swagger-ui/swagger-ui.css
2026-02-11 10:46:10 - Skipping JWT filter for Swagger/docs path: /swagger-ui/index.css
2026-02-11 10:46:10 - Skipping JWT filter for Swagger/docs path: /swagger-ui/swagger-ui-standalone-preset.js
2026-02-11 10:46:10 - Skipping JWT filter for Swagger/docs path: /swagger-ui/swagger-initializer.js
2026-02-11 10:46:10 - Set SecurityContextHolder to anonymous SecurityContext
2026-02-11 10:46:10 - Set SecurityContextHolder to anonymous SecurityContext
2026-02-11 10:46:10 - Skipping JWT filter for Swagger/docs path: /swagger-ui/swagger-ui-bundle.js
2026-02-11 10:46:10 - Set SecurityContextHolder to anonymous SecurityContext
2026-02-11 10:46:10 - Secured GET /swagger-ui/swagger-ui.css
2026-02-11 10:46:10 - Skipping JWT filter for Swagger/docs path: /swagger-ui/swagger-ui.css
2026-02-11 10:46:10 - Set SecurityContextHolder to anonymous SecurityContext
2026-02-11 10:46:10 - Set SecurityContextHolder to anonymous SecurityContext
2026-02-11 10:46:10 - Secured GET /swagger-ui/index.css
2026-02-11 10:46:10 - Secured GET /swagger-ui/swagger-ui-bundle.js
2026-02-11 10:46:10 - Skipping JWT filter for Swagger/docs path: /swagger-ui/index.css
2026-02-11 10:46:10 - Skipping JWT filter for Swagger/docs path: /swagger-ui/swagger-ui-bundle.js
2026-02-11 10:46:10 - Secured GET /swagger-ui/swagger-initializer.js
2026-02-11 10:46:10 - Skipping JWT filter for Swagger/docs path: /swagger-ui/swagger-initializer.js
2026-02-11 10:46:10 - Secured GET /swagger-ui/swagger-ui-standalone-preset.js
2026-02-11 10:46:10 - Skipping JWT filter for Swagger/docs path: /swagger-ui/swagger-ui-standalone-preset.js
2026-02-11 10:46:10 - Securing GET /v3/api-docs/swagger-config
2026-02-11 10:46:10 - Skipping JWT filter for Swagger/docs path: /v3/api-docs/swagger-config
2026-02-11 10:46:10 - Set SecurityContextHolder to anonymous SecurityContext
2026-02-11 10:46:10 - Secured GET /v3/api-docs/swagger-config
2026-02-11 10:46:10 - Skipping JWT filter for Swagger/docs path: /v3/api-docs/swagger-config
2026-02-11 10:46:10 - Securing GET /swagger-ui/favicon-32x32.png
2026-02-11 10:46:10 - Skipping JWT filter for Swagger/docs path: /swagger-ui/favicon-32x32.png
2026-02-11 10:46:10 - Set SecurityContextHolder to anonymous SecurityContext
2026-02-11 10:46:10 - Secured GET /swagger-ui/favicon-32x32.png
2026-02-11 10:46:10 - Skipping JWT filter for Swagger/docs path: /swagger-ui/favicon-32x32.png
2026-02-11 10:46:10 - Securing GET /v3/api-docs
2026-02-11 10:46:10 - Skipping JWT filter for Swagger/docs path: /v3/api-docs
2026-02-11 10:46:10 - Set SecurityContextHolder to anonymous SecurityContext
2026-02-11 10:46:10 - Secured GET /v3/api-docs
2026-02-11 10:46:10 - Skipping JWT filter for Swagger/docs path: /v3/api-docs
2026-02-11 10:46:10 - Init duration for springdoc-openapi is: 185 ms
2026-02-11 10:47:26 - Commencing graceful shutdown. Waiting for active requests to complete
2026-02-11 10:47:26 - Graceful shutdown complete
2026-02-11 10:47:26 - Closing JPA EntityManagerFactory for persistence unit 'default'
2026-02-11 10:47:26 - HikariPool-1 - Shutdown initiated...
2026-02-11 10:47:26 - HikariPool-1 - Shutdown completed.
